# JRE version: Java(TM) SE Runtime Environment 18.9 (11.0.7+8) (build 11.0.7+8-LTS)
# Java VM: Java HotSpot(TM) 64-Bit Server VM 18.9 (11.0.7+8-LTS, mixed mode, tiered, compressed oops, g1 gc, linux-amd64)
Heap:
 garbage-first heap   total 229376K, used 114756K [0x0000000747200000, 0x0000000800000000)
  region size 1024K, 107 young (109568K), 8 survivors (8192K)
 Metaspace       used 45705K, capacity 47085K, committed 47360K, reserved 1089536K
  class space    used 5827K, capacity 6376K, committed 6400K, reserved 1048576K
GC Heap History (10 events):
Event: 0,971 GC heap before
{Heap before GC invocations=1 (full 0):
 garbage-first heap   total 190464K, used 76028K [0x0000000747200000, 0x0000000800000000)
  region size 1024K, 71 young (72704K), 3 survivors (3072K)
 Metaspace       used 19683K, capacity 20393K, committed 20480K, reserved 1067008K
  class space    used 2275K, capacity 2519K, committed 2560K, reserved 1048576K
}
Event: 0,977 GC heap after
{Heap after GC invocations=2 (full 0):
 garbage-first heap   total 190464K, used 8841K [0x0000000747200000, 0x0000000800000000)
  region size 1024K, 5 young (5120K), 5 survivors (5120K)
 Metaspace       used 19683K, capacity 20393K, committed 20480K, reserved 1067008K
  class space    used 2275K, capacity 2519K, committed 2560K, reserved 1048576K
}
Event: 1,020 GC heap before
{Heap before GC invocations=2 (full 0):
 garbage-first heap   total 190464K, used 14985K [0x0000000747200000, 0x0000000800000000)
  region size 1024K, 12 young (12288K), 5 survivors (5120K)
 Metaspace       used 20410K, capacity 21102K, committed 21248K, reserved 1067008K
  class space    used 2453K, capacity 2734K, committed 2816K, reserved 1048576K
}
Event: 1,025 GC heap after
{Heap after GC invocations=3 (full 0):
 garbage-first heap   total 190464K, used 9048K [0x0000000747200000, 0x0000000800000000)
  region size 1024K, 5 young (5120K), 5 survivors (5120K)
 Metaspace       used 20410K, capacity 21102K, committed 21248K, reserved 1067008K
  class space    used 2453K, capacity 2734K, committed 2816K, reserved 1048576K
}
Event: 1,367 GC heap before
{Heap before GC invocations=4 (full 0):
 garbage-first heap   total 190464K, used 85848K [0x0000000747200000, 0x0000000800000000)
  region size 1024K, 81 young (82944K), 5 survivors (5120K)
 Metaspace       used 27041K, capacity 27863K, committed 28032K, reserved 1073152K
  class space    used 3287K, capacity 3611K, committed 3712K, reserved 1048576K
}
Event: 1,374 GC heap after
{Heap after GC invocations=5 (full 0):
 garbage-first heap   total 190464K, used 10801K [0x0000000747200000, 0x0000000800000000)
  region size 1024K, 7 young (7168K), 7 survivors (7168K)
 Metaspace       used 27041K, capacity 27863K, committed 28032K, reserved 1073152K
  class space    used 3287K, capacity 3611K, committed 3712K, reserved 1048576K
}
Event: 2,391 GC heap before
{Heap before GC invocations=5 (full 0):
 garbage-first heap   total 190464K, used 106033K [0x0000000747200000, 0x0000000800000000)
  region size 1024K, 101 young (103424K), 7 survivors (7168K)
 Metaspace       used 34263K, capacity 35481K, committed 35584K, reserved 1079296K
  class space    used 4312K, capacity 4837K, committed 4864K, reserved 1048576K
}
Event: 2,402 GC heap after
{Heap after GC invocations=6 (full 0):
 garbage-first heap   total 229376K, used 14999K [0x0000000747200000, 0x0000000800000000)
  region size 1024K, 11 young (11264K), 11 survivors (11264K)
 Metaspace       used 34263K, capacity 35481K, committed 35584K, reserved 1079296K
  class space    used 4312K, capacity 4837K, committed 4864K, reserved 1048576K
}
Event: 2,424 GC heap before
{Heap before GC invocations=6 (full 0):
 garbage-first heap   total 229376K, used 42647K [0x0000000747200000, 0x0000000800000000)
  region size 1024K, 40 young (40960K), 11 survivors (11264K)
 Metaspace       used 34307K, capacity 35561K, committed 35840K, reserved 1081344K
  class space    used 4318K, capacity 4842K, committed 4864K, reserved 1048576K
}
Event: 2,435 GC heap after
{Heap after GC invocations=7 (full 0):
 garbage-first heap   total 229376K, used 15428K [0x0000000747200000, 0x0000000800000000)
  region size 1024K, 8 young (8192K), 8 survivors (8192K)
 Metaspace       used 34307K, capacity 35561K, committed 35840K, reserved 1081344K
  class space    used 4318K, capacity 4842K, committed 4864K, reserved 1048576K
}

