# JRE version: Java(TM) SE Runtime Environment 18.9 (11.0.7+8) (build 11.0.7+8-LTS)
# Java VM: Java HotSpot(TM) 64-Bit Server VM 18.9 (11.0.7+8-LTS, mixed mode, tiered, compressed oops, g1 gc, linux-amd64)
Heap:
 garbage-first heap   total 229376K, used 144279K [0x0000000747200000, 0x0000000800000000)
  region size 1024K, 140 young (143360K), 14 survivors (14336K)
 Metaspace       used 49392K, capacity 50804K, committed 51200K, reserved 1093632K
  class space    used 6273K, capacity 6803K, committed 6912K, reserved 1048576K
GC Heap History (10 events):
Event: 0,956 GC heap after
{Heap after GC invocations=2 (full 0):
 garbage-first heap   total 190464K, used 8762K [0x0000000747200000, 0x0000000800000000)
  region size 1024K, 5 young (5120K), 5 survivors (5120K)
 Metaspace       used 19327K, capacity 19989K, committed 20224K, reserved 1067008K
  class space    used 2206K, capacity 2447K, committed 2560K, reserved 1048576K
}
Event: 1,007 GC heap before
{Heap before GC invocations=2 (full 0):
 garbage-first heap   total 190464K, used 16954K [0x0000000747200000, 0x0000000800000000)
  region size 1024K, 14 young (14336K), 5 survivors (5120K)
 Metaspace       used 20423K, capacity 21060K, committed 21248K, reserved 1067008K
  class space    used 2455K, capacity 2698K, committed 2816K, reserved 1048576K
}
Event: 1,012 GC heap after
{Heap after GC invocations=3 (full 0):
 garbage-first heap   total 190464K, used 9233K [0x0000000747200000, 0x0000000800000000)
  region size 1024K, 5 young (5120K), 5 survivors (5120K)
 Metaspace       used 20423K, capacity 21060K, committed 21248K, reserved 1067008K
  class space    used 2455K, capacity 2698K, committed 2816K, reserved 1048576K
}
Event: 1,307 GC heap before
{Heap before GC invocations=4 (full 0):
 garbage-first heap   total 190464K, used 82961K [0x0000000747200000, 0x0000000800000000)
  region size 1024K, 78 young (79872K), 5 survivors (5120K)
 Metaspace       used 26723K, capacity 27565K, committed 27648K, reserved 1073152K
  class space    used 3254K, capacity 3575K, committed 3584K, reserved 1048576K
}
Event: 1,314 GC heap after
{Heap after GC invocations=5 (full 0):
 garbage-first heap   total 190464K, used 10772K [0x0000000747200000, 0x0000000800000000)
  region size 1024K, 7 young (7168K), 7 survivors (7168K)
 Metaspace       used 26723K, capacity 27565K, committed 27648K, reserved 1073152K
  class space    used 3254K, capacity 3575K, committed 3584K, reserved 1048576K
}
Event: 2,308 GC heap before
{Heap before GC invocations=5 (full 0):
 garbage-first heap   total 190464K, used 102932K [0x0000000747200000, 0x0000000800000000)
  region size 1024K, 97 young (99328K), 7 survivors (7168K)
 Metaspace       used 34290K, capacity 35549K, committed 35840K, reserved 1081344K
  class space    used 4313K, capacity 4838K, committed 4864K, reserved 1048576K
}
Event: 2,319 GC heap after
{Heap after GC invocations=6 (full 0):
 garbage-first heap   total 229376K, used 15001K [0x0000000747200000, 0x0000000800000000)
  region size 1024K, 11 young (11264K), 11 survivors (11264K)
 Metaspace       used 34290K, capacity 35549K, committed 35840K, reserved 1081344K
  class space    used 4313K, capacity 4838K, committed 4864K, reserved 1048576K
}
Event: 2,343 GC heap before
{Heap before GC invocations=6 (full 0):
 garbage-first heap   total 229376K, used 49817K [0x0000000747200000, 0x0000000800000000)
  region size 1024K, 47 young (48128K), 11 survivors (11264K)
 Metaspace       used 34314K, capacity 35565K, committed 35840K, reserved 1081344K
  class space    used 4318K, capacity 4843K, committed 4864K, reserved 1048576K
}
Event: 2,353 GC heap after
{Heap after GC invocations=7 (full 0):
 garbage-first heap   total 229376K, used 15255K [0x0000000747200000, 0x0000000800000000)
  region size 1024K, 8 young (8192K), 8 survivors (8192K)
 Metaspace       used 34314K, capacity 35565K, committed 35840K, reserved 1081344K
  class space    used 4318K, capacity 4843K, committed 4864K, reserved 1048576K
}
Event: 3,316 GC heap before
{Heap before GC invocations=8 (full 0):
 garbage-first heap   total 229376K, used 143255K [0x0000000747200000, 0x0000000800000000)
  region size 1024K, 134 young (137216K), 8 survivors (8192K)
 Metaspace       used 49392K, capacity 50804K, committed 51200K, reserved 1093632K
  class space    used 6273K, capacity 6803K, committed 6912K, reserved 1048576K
}

