# JRE version: Java(TM) SE Runtime Environment 18.9 (11.0.7+8) (build 11.0.7+8-LTS)
# Java VM: Java HotSpot(TM) 64-Bit Server VM 18.9 (11.0.7+8-LTS, mixed mode, tiered, compressed oops, g1 gc, linux-amd64)
Heap:
 garbage-first heap   total 86016K, used 64630K [0x0000000747200000, 0x0000000800000000)
  region size 1024K, 42 young (43008K), 4 survivors (4096K)
 Metaspace       used 66005K, capacity 68019K, committed 68352K, reserved 1107968K
  class space    used 8562K, capacity 9392K, committed 9472K, reserved 1048576K
GC Heap History (10 events):
Event: 82,646 GC heap after
{Heap after GC invocations=13 (full 1):
 garbage-first heap   total 105472K, used 25277K [0x0000000747200000, 0x0000000800000000)
  region size 1024K, 2 young (2048K), 2 survivors (2048K)
 Metaspace       used 65621K, capacity 67532K, committed 67712K, reserved 1107968K
  class space    used 8509K, capacity 9248K, committed 9344K, reserved 1048576K
}
Event: 82,807 GC heap before
{Heap before GC invocations=13 (full 1):
 garbage-first heap   total 105472K, used 72381K [0x0000000747200000, 0x0000000800000000)
  region size 1024K, 49 young (50176K), 2 survivors (2048K)
 Metaspace       used 65650K, capacity 67549K, committed 67712K, reserved 1107968K
  class space    used 8513K, capacity 9253K, committed 9344K, reserved 1048576K
}
Event: 82,811 GC heap after
{Heap after GC invocations=14 (full 1):
 garbage-first heap   total 105472K, used 25852K [0x0000000747200000, 0x0000000800000000)
  region size 1024K, 3 young (3072K), 3 survivors (3072K)
 Metaspace       used 65650K, capacity 67549K, committed 67712K, reserved 1107968K
  class space    used 8513K, capacity 9253K, committed 9344K, reserved 1048576K
}
Event: 124,604 GC heap before
{Heap before GC invocations=14 (full 1):
 garbage-first heap   total 105472K, used 62716K [0x0000000747200000, 0x0000000800000000)
  region size 1024K, 40 young (40960K), 3 survivors (3072K)
 Metaspace       used 65832K, capacity 67799K, committed 67968K, reserved 1107968K
  class space    used 8544K, capacity 9344K, committed 9344K, reserved 1048576K
}
Event: 124,655 GC heap after
{Heap after GC invocations=15 (full 2):
 garbage-first heap   total 86016K, used 23569K [0x0000000747200000, 0x0000000800000000)
  region size 1024K, 0 young (0K), 0 survivors (0K)
 Metaspace       used 65829K, capacity 67793K, committed 67968K, reserved 1107968K
  class space    used 8543K, capacity 9342K, committed 9344K, reserved 1048576K
}
Event: 124,951 GC heap before
{Heap before GC invocations=15 (full 2):
 garbage-first heap   total 86016K, used 61457K [0x0000000747200000, 0x0000000800000000)
  region size 1024K, 38 young (38912K), 0 survivors (0K)
 Metaspace       used 65886K, capacity 67897K, committed 68096K, reserved 1107968K
  class space    used 8551K, capacity 9353K, committed 9472K, reserved 1048576K
}
Event: 124,954 GC heap after
{Heap after GC invocations=16 (full 2):
 garbage-first heap   total 86016K, used 25574K [0x0000000747200000, 0x0000000800000000)
  region size 1024K, 2 young (2048K), 2 survivors (2048K)
 Metaspace       used 65886K, capacity 67897K, committed 68096K, reserved 1107968K
  class space    used 8551K, capacity 9353K, committed 9472K, reserved 1048576K
}
Event: 125,015 GC heap before
{Heap before GC invocations=16 (full 2):
 garbage-first heap   total 86016K, used 63462K [0x0000000747200000, 0x0000000800000000)
  region size 1024K, 40 young (40960K), 2 survivors (2048K)
 Metaspace       used 65886K, capacity 67897K, committed 68096K, reserved 1107968K
  class space    used 8551K, capacity 9353K, committed 9472K, reserved 1048576K
}
Event: 125,017 GC heap after
{Heap after GC invocations=17 (full 2):
 garbage-first heap   total 86016K, used 25718K [0x0000000747200000, 0x0000000800000000)
  region size 1024K, 3 young (3072K), 3 survivors (3072K)
 Metaspace       used 65886K, capacity 67897K, committed 68096K, reserved 1107968K
  class space    used 8551K, capacity 9353K, committed 9472K, reserved 1048576K
}
Event: 135,950 GC heap before
{Heap before GC invocations=17 (full 2):
 garbage-first heap   total 86016K, used 64630K [0x0000000747200000, 0x0000000800000000)
  region size 1024K, 41 young (41984K), 3 survivors (3072K)
 Metaspace       used 66005K, capacity 68019K, committed 68352K, reserved 1107968K
  class space    used 8562K, capacity 9392K, committed 9472K, reserved 1048576K
}

